[main] - VAF LOG: This is Info level Message
[main] - VAF LOG: This is Debug Level
[main] - VAF LOG: This is Error Level
[main] - VAF LOG: Active Tags: @Smoke
[main] - VAF LOG: Feature File Paths: src/main/resources/test-suite/UI
[main] - VAF LOG: Step Definitions Paths: com.vaf.steps,com.example.ui.stepdef
[Thread-0] - VAF LOG: Step Started
[Thread-0] - VAF LOG: [0;35m [VAF License Manager] [0m - Starting License validation.
[Thread-0] - VAF LOG: [0;35m [VAF License Manager] [0m - [0;32m SUCCESS [0m: Valid license found.. [Device ID: T9V6SDYS]
[Thread-0] - VAF LOG: [0;35m [VAF License Manager] [0m - License validation Complete [32m [PASS] [0m.
[main] - VAF LOG: This is Info level Message
[main] - VAF LOG: This is Debug Level
[main] - VAF LOG: This is Error Level
[main] - VAF LOG: Active Tags: @Api
[main] - VAF LOG: Feature File Paths: src/main/resources/test-suite/API
[main] - VAF LOG: Step Definitions Paths: com.vaf.steps,com.example.ui.stepdef
[Thread-0] - VAF LOG: Thread for Api Steps         ====================27
[Thread-0] - VAF LOG: Instance of API
[Thread-0] - VAF LOG: [0;35m [VAF License Manager] [0m - Starting License validation.
[Thread-0] - VAF LOG: [0;35m [VAF License Manager] [0m - [0;32m SUCCESS [0m: Valid license found.. [Device ID: T9V6SDYS]
[Thread-0] - VAF LOG: [0;35m [VAF License Manager] [0m - License validation Complete [32m [PASS] [0m.
[Thread-0] - VAF LOG: Credentials                 ==================== {password=, username=}
[Thread-0] - VAF LOG: ReplaceableParams           ==================== {name=Raza}
[Thread-0] - VAF LOG: Props                       ==================== {preemptive=false}
[Thread-0] - VAF LOG: Body of Request             ==================== {"location":{"lat":-38.383494,"lng":33.427362},"accuracy":50,"name":"Raza","phone_number":"null","address":"29, side layout, cohen 09","types":["shoe park","shop"],"website":"http://google.com","language":"French-IN"}
[Thread-0] - VAF LOG: Headers of Request          ==================== {"Content-Type":"application/json"}
[Thread-0] - VAF LOG: Query_params of Request     ==================== {"query":"qaclick123"}
[Thread-0] - VAF LOG: Path_params of Request      ==================== {}
[Thread-0] - VAF LOG: Cookies of Request          ==================== {"key":"value","Key":"value"}
[Thread-0] - VAF LOG: EndPoint of Request         ==================== /maps/api/place/add/json
[Thread-0] - VAF LOG: Username                    ==================== 
[Thread-0] - VAF LOG: Password                    ==================== 
[Thread-0] - VAF LOG: Non Authentication Request
[Thread-0] - VAF LOG: Response of Request         ==================== {
  "status": "OK",
  "place_id": "d665518535dbe94ec3d8823f9d706189",
  "scope": "APP",
  "reference": "827d5d9e4a0fdbf9b32468da53a604af827d5d9e4a0fdbf9b32468da53a604af",
  "id": "827d5d9e4a0fdbf9b32468da53a604af"
}
[Thread-0] - VAF LOG: ContentType of Response      ==================== application/json;charset=UTF-8
[Thread-0] - VAF LOG: Cookies of Response          ==================== {}
[Thread-0] - VAF LOG: Response Header              ==================== Date=Mon, 20 Oct 2025 14:07:24 GMT
Server=Apache/2.4.52 (Ubuntu)
Access-Control-Allow-Origin=*
Access-Control-Allow-Methods=POST
Access-Control-Max-Age=3600
Access-Control-Allow-Headers=Content-Type, Access-Control-Allow-Headers, Authorization, X-Requested-With
Content-Length=194
Keep-Alive=timeout=5, max=100
Connection=Keep-Alive
Content-Type=application/json;charset=UTF-8
[Thread-0] - VAF LOG: Status Line of Response      ==================== HTTP/1.1 200 OK
[Thread-0] - VAF LOG: Detailed Cookies of Response ==================== 
[Thread-0] - VAF LOG: ResponseTime                 ==================== 1596ms
[Thread-0] - VAF LOG: Statue Code of Response      ==================== 200
[Thread-0] - VAF LOG: Global Stored Response       ===================={"place_id":"d665518535dbe94ec3d8823f9d706189"}
[Thread-0] - VAF LOG: Credentials                 ==================== {password=, username=}
[Thread-0] - VAF LOG: ReplaceableParams           ==================== {name=Raza}
[Thread-0] - VAF LOG: Props                       ==================== {preemptive=false}
[Thread-0] - VAF LOG: Body of Request             ==================== {"place_id":"d665518535dbe94ec3d8823f9d706189","address":"70 winter walk, USA","key":"qaclick123"}
[Thread-0] - VAF LOG: Headers of Request          ==================== {"Content-Type":"application/json"}
[Thread-0] - VAF LOG: Query_params of Request     ==================== {"query":"qaclick123"}
[Thread-0] - VAF LOG: Path_params of Request      ==================== {}
[Thread-0] - VAF LOG: Cookies of Request          ==================== {"Key":"value"}
[Thread-0] - VAF LOG: EndPoint of Request         ==================== /maps/api/place/update/json
[Thread-0] - VAF LOG: Username                    ==================== 
[Thread-0] - VAF LOG: Password                    ==================== 
[Thread-0] - VAF LOG: Non Authentication Request
[Thread-0] - VAF LOG: Response of Request         ==================== {
  "msg": "Address successfully updated"
}
[Thread-0] - VAF LOG: ContentType of Response      ==================== application/json;charset=UTF-8
[Thread-0] - VAF LOG: Cookies of Response          ==================== {}
[Thread-0] - VAF LOG: Response Header              ==================== Date=Mon, 20 Oct 2025 14:07:27 GMT
Server=Apache/2.4.52 (Ubuntu)
Access-Control-Allow-Origin=*
Access-Control-Allow-Methods=POST
Access-Control-Max-Age=3600
Access-Control-Allow-Headers=Content-Type, Access-Control-Allow-Headers, Authorization, X-Requested-With
Content-Length=38
Keep-Alive=timeout=5, max=100
Connection=Keep-Alive
Content-Type=application/json;charset=UTF-8
[Thread-0] - VAF LOG: Status Line of Response      ==================== HTTP/1.1 200 OK
[Thread-0] - VAF LOG: Detailed Cookies of Response ==================== 
[Thread-0] - VAF LOG: ResponseTime                 ==================== 3788ms
[Thread-0] - VAF LOG: Statue Code of Response      ==================== 200
[Thread-0] - VAF LOG: Credentials                 ==================== {password=, username=}
[Thread-0] - VAF LOG: ReplaceableParams           ==================== {name=Raza}
[Thread-0] - VAF LOG: Props                       ==================== {preemptive=false}
[Thread-0] - VAF LOG: Body of Request             ==================== {"place_id":"d665518535dbe94ec3d8823f9d706189"}
[Thread-0] - VAF LOG: Headers of Request          ==================== {"Content-Type":"application/json"}
[Thread-0] - VAF LOG: Query_params of Request     ==================== {"query":"qaclick123"}
[Thread-0] - VAF LOG: Path_params of Request      ==================== {}
[Thread-0] - VAF LOG: Cookies of Request          ==================== {"Key":"value"}
[Thread-0] - VAF LOG: EndPoint of Request         ==================== /maps/api/place/delete/json
[Thread-0] - VAF LOG: Username                    ==================== 
[Thread-0] - VAF LOG: Password                    ==================== 
[Thread-0] - VAF LOG: Non Authentication Request
[Thread-0] - VAF LOG: Response of Request         ==================== {
  "status": "OK"
}
[Thread-0] - VAF LOG: ContentType of Response      ==================== application/json;charset=UTF-8
[Thread-0] - VAF LOG: Cookies of Response          ==================== {}
[Thread-0] - VAF LOG: Response Header              ==================== Date=Mon, 20 Oct 2025 14:07:30 GMT
Server=Apache/2.4.52 (Ubuntu)
Access-Control-Allow-Origin=*
Access-Control-Allow-Methods=POST
Access-Control-Max-Age=3600
Access-Control-Allow-Headers=Content-Type, Access-Control-Allow-Headers, Authorization, X-Requested-With
Content-Length=15
Keep-Alive=timeout=5, max=100
Connection=Keep-Alive
Content-Type=application/json;charset=UTF-8
[Thread-0] - VAF LOG: Status Line of Response      ==================== HTTP/1.1 200 OK
[Thread-0] - VAF LOG: Detailed Cookies of Response ==================== 
[Thread-0] - VAF LOG: ResponseTime                 ==================== 3648ms
[Thread-0] - VAF LOG: Statue Code of Response      ==================== 200
[Thread-0] - VAF LOG: Thread for Api Steps         ====================27
[Thread-0] - VAF LOG: Instance of API
[Thread-0] - VAF LOG: Credentials                 ==================== {password=password, username=postman}
[Thread-0] - VAF LOG: ReplaceableParams           ==================== {name=Raza}
[Thread-0] - VAF LOG: Props                       ==================== {preemptive=false}
[Thread-0] - VAF LOG: Body of Request             ==================== {}
[Thread-0] - VAF LOG: Headers of Request          ==================== {}
[Thread-0] - VAF LOG: Query_params of Request     ==================== {}
[Thread-0] - VAF LOG: Path_params of Request      ==================== {}
[Thread-0] - VAF LOG: Cookies of Request          ==================== {"Key":"value"}
[Thread-0] - VAF LOG: EndPoint of Request         ==================== /basic-auth
[Thread-0] - VAF LOG: Username                    ==================== postman
[Thread-0] - VAF LOG: Password                    ==================== password
[Thread-0] - VAF LOG: Authentication Request
[Thread-0] - VAF LOG: Response of Request         ==================== {
  "authenticated": true
}
[Thread-0] - VAF LOG: ContentType of Response      ==================== application/json; charset=utf-8
[Thread-0] - VAF LOG: Cookies of Response          ==================== {sails.sid=s%3AaT824zNmenbFLz7JE_ISxufc1LsOEHgK.3U0Rc6087AkiM8ajiWaMdeopXP1RZCtHhKuUNEC0LU4, __cf_bm=fHnLVsE69XwtC_BTR0zyUkJuQwdEkoqu0uyIGmmFmks-1760969254-1.0.1.1-UZGsOUxTOhGjaOG6gPlLhnEMACSbzxtcH4bVXLu.62r2y8xJeHX6udQ1icNMDueraXsCu7qzRqWlPCg1zi2mPvxQi1KnqoFFztsg6tSBsck, _cfuvid=ub_BhdKl06NZ7pFyF9bkbr9hJL4LxydvxoJqfEL5TKk-1760969254196-0.0.1.1-604800000}
[Thread-0] - VAF LOG: Response Header              ==================== Date=Mon, 20 Oct 2025 14:07:34 GMT
Content-Type=application/json; charset=utf-8
Content-Length=22
Connection=keep-alive
CF-RAY=9919150d0d575fc9-SIN
etag=W/"16-sJz8uwjdDv0wvm7//BYdNw8vMbU"
vary=Accept-Encoding
Set-Cookie=sails.sid=s%3AaT824zNmenbFLz7JE_ISxufc1LsOEHgK.3U0Rc6087AkiM8ajiWaMdeopXP1RZCtHhKuUNEC0LU4; Path=/; HttpOnly
Set-Cookie=__cf_bm=fHnLVsE69XwtC_BTR0zyUkJuQwdEkoqu0uyIGmmFmks-1760969254-1.0.1.1-UZGsOUxTOhGjaOG6gPlLhnEMACSbzxtcH4bVXLu.62r2y8xJeHX6udQ1icNMDueraXsCu7qzRqWlPCg1zi2mPvxQi1KnqoFFztsg6tSBsck; path=/; expires=Mon, 20-Oct-25 14:37:34 GMT; domain=.postman-echo.com; HttpOnly; Secure; SameSite=None
Set-Cookie=_cfuvid=ub_BhdKl06NZ7pFyF9bkbr9hJL4LxydvxoJqfEL5TKk-1760969254196-0.0.1.1-604800000; path=/; domain=.postman-echo.com; HttpOnly; Secure; SameSite=None
x-envoy-upstream-service-time=6
cf-cache-status=DYNAMIC
Server=cloudflare
[Thread-0] - VAF LOG: Status Line of Response      ==================== HTTP/1.1 200 OK
[Thread-0] - VAF LOG: Detailed Cookies of Response ==================== sails.sid=s%3AaT824zNmenbFLz7JE_ISxufc1LsOEHgK.3U0Rc6087AkiM8ajiWaMdeopXP1RZCtHhKuUNEC0LU4;Path=/;HttpOnly
__cf_bm=fHnLVsE69XwtC_BTR0zyUkJuQwdEkoqu0uyIGmmFmks-1760969254-1.0.1.1-UZGsOUxTOhGjaOG6gPlLhnEMACSbzxtcH4bVXLu.62r2y8xJeHX6udQ1icNMDueraXsCu7qzRqWlPCg1zi2mPvxQi1KnqoFFztsg6tSBsck;Path=/;Domain=.postman-echo.com;Secure;HttpOnly;Expires=10/20/25, 2:37 PM;SameSite=None
_cfuvid=ub_BhdKl06NZ7pFyF9bkbr9hJL4LxydvxoJqfEL5TKk-1760969254196-0.0.1.1-604800000;Path=/;Domain=.postman-echo.com;Secure;HttpOnly;SameSite=None
[Thread-0] - VAF LOG: ResponseTime                 ==================== 1232ms
[Thread-0] - VAF LOG: Statue Code of Response      ==================== 200
[main] - VAF LOG: This is Info level Message
[main] - VAF LOG: This is Debug Level
[main] - VAF LOG: This is Error Level
[main] - VAF LOG: Active Tags: @constantUserPerSecond
[main] - VAF LOG: Feature File Paths: src/main/resources/test-suite/Performance
[main] - VAF LOG: Step Definitions Paths: com.vaf.steps,com.example.ui.stepdef
[Thread-0] - VAF LOG: All JMeter tests completed successfully.
[main] - VAF LOG: This is Info level Message
[main] - VAF LOG: This is Debug Level
[main] - VAF LOG: This is Error Level
[main] - VAF LOG: Active Tags: @CompletePageCheck
[main] - VAF LOG: Feature File Paths: src/main/resources/test-suite/Accessibility
[main] - VAF LOG: Step Definitions Paths: com.vaf.steps,com.example.ui.stepdef
[Thread-0] - VAF LOG: [0;35m [VAF License Manager] [0m - Starting License validation.
[Thread-0] - VAF LOG: [0;35m [VAF License Manager] [0m - [0;32m SUCCESS [0m: Valid license found.. [Device ID: T9V6SDYS]
[Thread-0] - VAF LOG: [0;35m [VAF License Manager] [0m - License validation Complete [32m [PASS] [0m.
[Thread-0] - VAF LOG (CHROME): Script execution result: null
