[main] - VAF LOG: This is Info level Message
[main] - VAF LOG: This is Debug Level
[main] - VAF LOG: This is Error Level
[main] - VAF LOG: Active Tags: @PassingDirectLocators
[main] - VAF LOG: Feature File Paths: src/main/resources/test-suite/UI
[main] - VAF LOG: Step Definitions Paths: com.vaf.steps,com.example.ui.stepdef
[Thread-0] - VAF LOG: Step Started
[Thread-0] - VAF LOG: [0;35m [VAF License Manager] [0m - Starting License validation.
[Thread-0] - VAF LOG: [0;35m [VAF License Manager] [0m - [0;32m SUCCESS [0m: Valid license found.. [Device ID: T9V6SDYS]
[Thread-0] - VAF LOG: [0;35m [VAF License Manager] [0m - License validation Complete [32m [PASS] [0m.
[main] - VAF LOG: This is Info level Message
[main] - VAF LOG: This is Debug Level
[main] - VAF LOG: This is Error Level
[main] - VAF LOG: Active Tags: @PassingDirectLocators
[main] - VAF LOG: Feature File Paths: src/main/resources/test-suite/UI
[main] - VAF LOG: Step Definitions Paths: com.vaf.steps,com.example.ui.stepdef
[Thread-0] - VAF LOG: Step Started
[Thread-0] - VAF LOG: [0;35m [VAF License Manager] [0m - Starting License validation.
[Thread-0] - VAF LOG: [0;35m [VAF License Manager] [0m - [0;32m SUCCESS [0m: Valid license found.. [Device ID: T9V6SDYS]
[Thread-0] - VAF LOG: [0;35m [VAF License Manager] [0m - License validation Complete [32m [PASS] [0m.
[main] - VAF LOG: This is Info level Message
[main] - VAF LOG: This is Debug Level
[main] - VAF LOG: This is Error Level
[main] - VAF LOG: Active Tags: @Smoke
[main] - VAF LOG: Feature File Paths: src/main/resources/test-suite/UI
[main] - VAF LOG: Step Definitions Paths: com.vaf.steps,com.example.ui.stepdef
[Thread-0] - VAF LOG: Step Started
[Thread-0] - VAF LOG: [0;35m [VAF License Manager] [0m - Starting License validation.
[Thread-0] - VAF LOG: [0;35m [VAF License Manager] [0m - [0;32m SUCCESS [0m: Valid license found.. [Device ID: T9V6SDYS]
[Thread-0] - VAF LOG: [0;35m [VAF License Manager] [0m - License validation Complete [32m [PASS] [0m.
[Thread-0] - VAF LOG (CHROME): [33mLocator "Username1111" not found.[0m
[main] - VAF LOG: This is Info level Message
[main] - VAF LOG: This is Debug Level
[main] - VAF LOG: This is Error Level
[main] - VAF LOG: Active Tags: @Smoke
[main] - VAF LOG: Feature File Paths: src/main/resources/test-suite/UI
[main] - VAF LOG: Step Definitions Paths: com.vaf.steps,com.example.ui.stepdef
[Thread-0] - VAF LOG: Step Started
[Thread-0] - VAF LOG: [0;35m [VAF License Manager] [0m - Starting License validation.
[Thread-0] - VAF LOG: [0;35m [VAF License Manager] [0m - [0;32m SUCCESS [0m: Valid license found.. [Device ID: T9V6SDYS]
[Thread-0] - VAF LOG: [0;35m [VAF License Manager] [0m - License validation Complete [32m [PASS] [0m.
[Thread-0] - VAF LOG (CHROME): [33mLocator "Username1111" not found.[0m
[main] - VAF LOG: This is Info level Message
[main] - VAF LOG: This is Debug Level
[main] - VAF LOG: This is Error Level
[main] - VAF LOG: Active Tags: @Api
[main] - VAF LOG: Feature File Paths: src/main/resources/test-suite/API
[main] - VAF LOG: Step Definitions Paths: com.vaf.steps,com.example.ui.stepdef
[Thread-0] - VAF LOG: Thread for Api Steps         ====================27
[Thread-0] - VAF LOG: Instance of API
[Thread-0] - VAF LOG: [0;35m [VAF License Manager] [0m - Starting License validation.
[Thread-0] - VAF LOG: [0;35m [VAF License Manager] [0m - [0;32m SUCCESS [0m: Valid license found.. [Device ID: T9V6SDYS]
[Thread-0] - VAF LOG: [0;35m [VAF License Manager] [0m - License validation Complete [32m [PASS] [0m.
[Thread-0] - VAF LOG: Credentials                 ==================== {password=, username=}
[Thread-0] - VAF LOG: ReplaceableParams           ==================== {name=Raza}
[Thread-0] - VAF LOG: Props                       ==================== {preemptive=false}
[Thread-0] - VAF LOG: Body of Request             ==================== {"location":{"lat":-38.383494,"lng":33.427362},"accuracy":50,"name":"Raza","phone_number":"null","address":"29, side layout, cohen 09","types":["shoe park","shop"],"website":"http://google.com","language":"French-IN"}
[Thread-0] - VAF LOG: Headers of Request          ==================== {"Content-Type":"application/json"}
[Thread-0] - VAF LOG: Query_params of Request     ==================== {"query":"qaclick123"}
[Thread-0] - VAF LOG: Path_params of Request      ==================== {}
[Thread-0] - VAF LOG: Cookies of Request          ==================== {"key":"value","Key":"value"}
[Thread-0] - VAF LOG: EndPoint of Request         ==================== /maps/api/place/add/json
[Thread-0] - VAF LOG: Username                    ==================== 
[Thread-0] - VAF LOG: Password                    ==================== 
[Thread-0] - VAF LOG: Non Authentication Request
[Thread-0] - VAF LOG: Response of Request         ==================== {
  "status": "OK",
  "place_id": "21bdb2b90ee8cb674e1865a3e0a0d5db",
  "scope": "APP",
  "reference": "ab9b15dd79d5ccd1330bface4c68d512ab9b15dd79d5ccd1330bface4c68d512",
  "id": "ab9b15dd79d5ccd1330bface4c68d512"
}
[Thread-0] - VAF LOG: ContentType of Response      ==================== application/json;charset=UTF-8
[Thread-0] - VAF LOG: Cookies of Response          ==================== {}
[Thread-0] - VAF LOG: Response Header              ==================== Date=Fri, 17 Oct 2025 12:23:40 GMT
Server=Apache/2.4.52 (Ubuntu)
Access-Control-Allow-Origin=*
Access-Control-Allow-Methods=POST
Access-Control-Max-Age=3600
Access-Control-Allow-Headers=Content-Type, Access-Control-Allow-Headers, Authorization, X-Requested-With
Content-Length=194
Keep-Alive=timeout=5, max=100
Connection=Keep-Alive
Content-Type=application/json;charset=UTF-8
[Thread-0] - VAF LOG: Status Line of Response      ==================== HTTP/1.1 200 OK
[Thread-0] - VAF LOG: Detailed Cookies of Response ==================== 
[Thread-0] - VAF LOG: ResponseTime                 ==================== 797ms
[Thread-0] - VAF LOG: Statue Code of Response      ==================== 200
[Thread-0] - VAF LOG: Global Stored Response       ===================={"place_id":"21bdb2b90ee8cb674e1865a3e0a0d5db"}
[Thread-0] - VAF LOG: Credentials                 ==================== {password=, username=}
[Thread-0] - VAF LOG: ReplaceableParams           ==================== {name=Raza}
[Thread-0] - VAF LOG: Props                       ==================== {preemptive=false}
[Thread-0] - VAF LOG: Body of Request             ==================== {"place_id":"21bdb2b90ee8cb674e1865a3e0a0d5db","address":"70 winter walk, USA","key":"qaclick123"}
[Thread-0] - VAF LOG: Headers of Request          ==================== {"Content-Type":"application/json"}
[Thread-0] - VAF LOG: Query_params of Request     ==================== {"query":"qaclick123"}
[Thread-0] - VAF LOG: Path_params of Request      ==================== {}
[Thread-0] - VAF LOG: Cookies of Request          ==================== {"Key":"value"}
[Thread-0] - VAF LOG: EndPoint of Request         ==================== /maps/api/place/update/json
[Thread-0] - VAF LOG: Username                    ==================== 
[Thread-0] - VAF LOG: Password                    ==================== 
[Thread-0] - VAF LOG: Non Authentication Request
[Thread-0] - VAF LOG: Response of Request         ==================== {
  "msg": "Address successfully updated"
}
[Thread-0] - VAF LOG: ContentType of Response      ==================== application/json;charset=UTF-8
[Thread-0] - VAF LOG: Cookies of Response          ==================== {}
[Thread-0] - VAF LOG: Response Header              ==================== Date=Fri, 17 Oct 2025 12:23:41 GMT
Server=Apache/2.4.52 (Ubuntu)
Access-Control-Allow-Origin=*
Access-Control-Allow-Methods=POST
Access-Control-Max-Age=3600
Access-Control-Allow-Headers=Content-Type, Access-Control-Allow-Headers, Authorization, X-Requested-With
Content-Length=38
Keep-Alive=timeout=5, max=100
Connection=Keep-Alive
Content-Type=application/json;charset=UTF-8
[Thread-0] - VAF LOG: Status Line of Response      ==================== HTTP/1.1 200 OK
[Thread-0] - VAF LOG: Detailed Cookies of Response ==================== 
[Thread-0] - VAF LOG: ResponseTime                 ==================== 2789ms
[Thread-0] - VAF LOG: Statue Code of Response      ==================== 200
[Thread-0] - VAF LOG: Credentials                 ==================== {password=, username=}
[Thread-0] - VAF LOG: ReplaceableParams           ==================== {name=Raza}
[Thread-0] - VAF LOG: Props                       ==================== {preemptive=false}
[Thread-0] - VAF LOG: Body of Request             ==================== {"place_id":"21bdb2b90ee8cb674e1865a3e0a0d5db"}
[Thread-0] - VAF LOG: Headers of Request          ==================== {"Content-Type":"application/json"}
[Thread-0] - VAF LOG: Query_params of Request     ==================== {"query":"qaclick123"}
[Thread-0] - VAF LOG: Path_params of Request      ==================== {}
[Thread-0] - VAF LOG: Cookies of Request          ==================== {"Key":"value"}
[Thread-0] - VAF LOG: EndPoint of Request         ==================== /maps/api/place/delete/json
[Thread-0] - VAF LOG: Username                    ==================== 
[Thread-0] - VAF LOG: Password                    ==================== 
[Thread-0] - VAF LOG: Non Authentication Request
[Thread-0] - VAF LOG: Response of Request         ==================== {
  "status": "OK"
}
[Thread-0] - VAF LOG: ContentType of Response      ==================== application/json;charset=UTF-8
[Thread-0] - VAF LOG: Cookies of Response          ==================== {}
[Thread-0] - VAF LOG: Response Header              ==================== Date=Fri, 17 Oct 2025 12:23:44 GMT
Server=Apache/2.4.52 (Ubuntu)
Access-Control-Allow-Origin=*
Access-Control-Allow-Methods=POST
Access-Control-Max-Age=3600
Access-Control-Allow-Headers=Content-Type, Access-Control-Allow-Headers, Authorization, X-Requested-With
Content-Length=15
Keep-Alive=timeout=5, max=100
Connection=Keep-Alive
Content-Type=application/json;charset=UTF-8
[Thread-0] - VAF LOG: Status Line of Response      ==================== HTTP/1.1 200 OK
[Thread-0] - VAF LOG: Detailed Cookies of Response ==================== 
[Thread-0] - VAF LOG: ResponseTime                 ==================== 4578ms
[Thread-0] - VAF LOG: Statue Code of Response      ==================== 200
[Thread-0] - VAF LOG: Thread for Api Steps         ====================27
[Thread-0] - VAF LOG: Instance of API
[Thread-0] - VAF LOG: Credentials                 ==================== {password=password, username=postman}
[Thread-0] - VAF LOG: ReplaceableParams           ==================== {name=Raza}
[Thread-0] - VAF LOG: Props                       ==================== {preemptive=false}
[Thread-0] - VAF LOG: Body of Request             ==================== {}
[Thread-0] - VAF LOG: Headers of Request          ==================== {}
[Thread-0] - VAF LOG: Query_params of Request     ==================== {}
[Thread-0] - VAF LOG: Path_params of Request      ==================== {}
[Thread-0] - VAF LOG: Cookies of Request          ==================== {"Key":"value"}
[Thread-0] - VAF LOG: EndPoint of Request         ==================== /basic-auth
[Thread-0] - VAF LOG: Username                    ==================== postman
[Thread-0] - VAF LOG: Password                    ==================== password
[Thread-0] - VAF LOG: Authentication Request
[Thread-0] - VAF LOG: Response of Request         ==================== {
  "authenticated": true
}
[Thread-0] - VAF LOG: ContentType of Response      ==================== application/json; charset=utf-8
[Thread-0] - VAF LOG: Cookies of Response          ==================== {sails.sid=s%3As8v_hD5Rq6GbUnaPpIbcc6LXAuf_0JIC.Ac79VeUGWeumMs6SWkYiNB97Y3k3rZ7hdCFMLTcRNRo, __cf_bm=WI69Sd3g_rqYoWgpjELuyIbRbRbfQhJlVeEG_a0TMM0-1760703829-1.0.1.1-PERiePzk2dCck7uA4HsFlkm5Sy942XARxCeIM1xVwD8C9lqY_ewKc1lwkEf9OH.Q.deHVCu9F7XIoTUo1C10tKYb7zu8GeV3r5H3i1tHF3Q, _cfuvid=pzRsK5nNlQtQp0Gwb5hvBPyB2seVsT3mhQKLtEyOm5c-1760703829124-0.0.1.1-604800000}
[Thread-0] - VAF LOG: Response Header              ==================== Date=Fri, 17 Oct 2025 12:23:49 GMT
Content-Type=application/json; charset=utf-8
Content-Length=22
Connection=keep-alive
CF-RAY=98ffc4f30ced11bc-MRS
etag=W/"16-sJz8uwjdDv0wvm7//BYdNw8vMbU"
vary=Accept-Encoding
Set-Cookie=sails.sid=s%3As8v_hD5Rq6GbUnaPpIbcc6LXAuf_0JIC.Ac79VeUGWeumMs6SWkYiNB97Y3k3rZ7hdCFMLTcRNRo; Path=/; HttpOnly
Set-Cookie=__cf_bm=WI69Sd3g_rqYoWgpjELuyIbRbRbfQhJlVeEG_a0TMM0-1760703829-1.0.1.1-PERiePzk2dCck7uA4HsFlkm5Sy942XARxCeIM1xVwD8C9lqY_ewKc1lwkEf9OH.Q.deHVCu9F7XIoTUo1C10tKYb7zu8GeV3r5H3i1tHF3Q; path=/; expires=Fri, 17-Oct-25 12:53:49 GMT; domain=.postman-echo.com; HttpOnly; Secure; SameSite=None
Set-Cookie=_cfuvid=pzRsK5nNlQtQp0Gwb5hvBPyB2seVsT3mhQKLtEyOm5c-1760703829124-0.0.1.1-604800000; path=/; domain=.postman-echo.com; HttpOnly; Secure; SameSite=None
x-envoy-upstream-service-time=6
cf-cache-status=DYNAMIC
Server=cloudflare
[Thread-0] - VAF LOG: Status Line of Response      ==================== HTTP/1.1 200 OK
[Thread-0] - VAF LOG: Detailed Cookies of Response ==================== sails.sid=s%3As8v_hD5Rq6GbUnaPpIbcc6LXAuf_0JIC.Ac79VeUGWeumMs6SWkYiNB97Y3k3rZ7hdCFMLTcRNRo;Path=/;HttpOnly
__cf_bm=WI69Sd3g_rqYoWgpjELuyIbRbRbfQhJlVeEG_a0TMM0-1760703829-1.0.1.1-PERiePzk2dCck7uA4HsFlkm5Sy942XARxCeIM1xVwD8C9lqY_ewKc1lwkEf9OH.Q.deHVCu9F7XIoTUo1C10tKYb7zu8GeV3r5H3i1tHF3Q;Path=/;Domain=.postman-echo.com;Secure;HttpOnly;Expires=10/17/25, 12:53 PM;SameSite=None
_cfuvid=pzRsK5nNlQtQp0Gwb5hvBPyB2seVsT3mhQKLtEyOm5c-1760703829124-0.0.1.1-604800000;Path=/;Domain=.postman-echo.com;Secure;HttpOnly;SameSite=None
[Thread-0] - VAF LOG: ResponseTime                 ==================== 1077ms
[Thread-0] - VAF LOG: Statue Code of Response      ==================== 200
